[      59ms] [ERROR] Failed to load resource: the server responded with a status of 404 (Not Found) @ http://localhost:4174/favicon.ico:0
[     499ms] [ERROR] WebSocket connection to 'wss://shopy.d034644.partykit.dev/parties/main/77JQWY?_pk=b89f63d9-2183-4e4c-94f6-951e0225bf41' failed: Error in connection establishment: net::ERR_NAME_NOT_RESOLVED @ http://localhost:4174/_app/immutable/nodes/2.0jeQ3R1L.js:21
[    3179ms] [ERROR] WebSocket connection to 'wss://shopy.d034644.partykit.dev/parties/main/77JQWY?_pk=b89f63d9-2183-4e4c-94f6-951e0225bf41' failed: Error in connection establishment: net::ERR_NAME_NOT_RESOLVED @ http://localhost:4174/_app/immutable/nodes/2.0jeQ3R1L.js:21
[    6658ms] [ERROR] WebSocket connection to 'wss://shopy.d034644.partykit.dev/parties/main/77JQWY?_pk=b89f63d9-2183-4e4c-94f6-951e0225bf41' failed: Error in connection establishment: net::ERR_NAME_NOT_RESOLVED @ http://localhost:4174/_app/immutable/nodes/2.0jeQ3R1L.js:21
[   11181ms] [ERROR] WebSocket connection to 'wss://shopy.d034644.partykit.dev/parties/main/77JQWY?_pk=b89f63d9-2183-4e4c-94f6-951e0225bf41' failed: Error in connection establishment: net::ERR_NAME_NOT_RESOLVED @ http://localhost:4174/_app/immutable/nodes/2.0jeQ3R1L.js:21
[   17057ms] [ERROR] WebSocket connection to 'wss://shopy.d034644.partykit.dev/parties/main/77JQWY?_pk=b89f63d9-2183-4e4c-94f6-951e0225bf41' failed: Error in connection establishment: net::ERR_NAME_NOT_RESOLVED @ http://localhost:4174/_app/immutable/nodes/2.0jeQ3R1L.js:21
[   24696ms] [ERROR] WebSocket connection to 'wss://shopy.d034644.partykit.dev/parties/main/77JQWY?_pk=b89f63d9-2183-4e4c-94f6-951e0225bf41' failed: Error in connection establishment: net::ERR_NAME_NOT_RESOLVED @ http://localhost:4174/_app/immutable/nodes/2.0jeQ3R1L.js:21
[   34621ms] [ERROR] WebSocket connection to 'wss://shopy.d034644.partykit.dev/parties/main/77JQWY?_pk=b89f63d9-2183-4e4c-94f6-951e0225bf41' failed: Error in connection establishment: net::ERR_NAME_NOT_RESOLVED @ http://localhost:4174/_app/immutable/nodes/2.0jeQ3R1L.js:21
[   44635ms] [ERROR] WebSocket connection to 'wss://shopy.d034644.partykit.dev/parties/main/77JQWY?_pk=b89f63d9-2183-4e4c-94f6-951e0225bf41' failed: Error in connection establishment: net::ERR_NAME_NOT_RESOLVED @ http://localhost:4174/_app/immutable/nodes/2.0jeQ3R1L.js:21
[   54671ms] [ERROR] WebSocket connection to 'wss://shopy.d034644.partykit.dev/parties/main/77JQWY?_pk=b89f63d9-2183-4e4c-94f6-951e0225bf41' failed: Error in connection establishment: net::ERR_NAME_NOT_RESOLVED @ http://localhost:4174/_app/immutable/nodes/2.0jeQ3R1L.js:21
[   64697ms] [ERROR] WebSocket connection to 'wss://shopy.d034644.partykit.dev/parties/main/77JQWY?_pk=b89f63d9-2183-4e4c-94f6-951e0225bf41' failed: Error in connection establishment: net::ERR_NAME_NOT_RESOLVED @ http://localhost:4174/_app/immutable/nodes/2.0jeQ3R1L.js:21
[   74745ms] [ERROR] WebSocket connection to 'wss://shopy.d034644.partykit.dev/parties/main/77JQWY?_pk=b89f63d9-2183-4e4c-94f6-951e0225bf41' failed: Error in connection establishment: net::ERR_NAME_NOT_RESOLVED @ http://localhost:4174/_app/immutable/nodes/2.0jeQ3R1L.js:21
[   84971ms] [ERROR] WebSocket connection to 'wss://shopy.d034644.partykit.dev/parties/main/77JQWY?_pk=b89f63d9-2183-4e4c-94f6-951e0225bf41' failed: Error in connection establishment: net::ERR_NAME_NOT_RESOLVED @ http://localhost:4174/_app/immutable/nodes/2.0jeQ3R1L.js:21
[   95212ms] [ERROR] WebSocket connection to 'wss://shopy.d034644.partykit.dev/parties/main/77JQWY?_pk=b89f63d9-2183-4e4c-94f6-951e0225bf41' failed: Error in connection establishment: net::ERR_NAME_NOT_RESOLVED @ http://localhost:4174/_app/immutable/nodes/2.0jeQ3R1L.js:21
[  105627ms] [ERROR] WebSocket connection to 'wss://shopy.d034644.partykit.dev/parties/main/77JQWY?_pk=b89f63d9-2183-4e4c-94f6-951e0225bf41' failed: Error in connection establishment: net::ERR_NAME_NOT_RESOLVED @ http://localhost:4174/_app/immutable/nodes/2.0jeQ3R1L.js:21
[  117552ms] [ERROR] WebSocket connection to 'wss://shopy.d034644.partykit.dev/parties/main/77JQWY?_pk=b89f63d9-2183-4e4c-94f6-951e0225bf41' failed: Error in connection establishment: net::ERR_NAME_NOT_RESOLVED @ http://localhost:4174/_app/immutable/nodes/2.0jeQ3R1L.js:21
[  127556ms] [ERROR] WebSocket connection to 'wss://shopy.d034644.partykit.dev/parties/main/77JQWY?_pk=b89f63d9-2183-4e4c-94f6-951e0225bf41' failed: Error in connection establishment: net::ERR_NAME_NOT_RESOLVED @ http://localhost:4174/_app/immutable/nodes/2.0jeQ3R1L.js:21
[  137565ms] [ERROR] WebSocket connection to 'wss://shopy.d034644.partykit.dev/parties/main/77JQWY?_pk=b89f63d9-2183-4e4c-94f6-951e0225bf41' failed: Error in connection establishment: net::ERR_NAME_NOT_RESOLVED @ http://localhost:4174/_app/immutable/nodes/2.0jeQ3R1L.js:21
[  147572ms] [ERROR] WebSocket connection to 'wss://shopy.d034644.partykit.dev/parties/main/77JQWY?_pk=b89f63d9-2183-4e4c-94f6-951e0225bf41' failed: Error in connection establishment: net::ERR_NAME_NOT_RESOLVED @ http://localhost:4174/_app/immutable/nodes/2.0jeQ3R1L.js:21
[  157576ms] [ERROR] WebSocket connection to 'wss://shopy.d034644.partykit.dev/parties/main/77JQWY?_pk=b89f63d9-2183-4e4c-94f6-951e0225bf41' failed: Error in connection establishment: net::ERR_NAME_NOT_RESOLVED @ http://localhost:4174/_app/immutable/nodes/2.0jeQ3R1L.js:21
[  167584ms] [ERROR] WebSocket connection to 'wss://shopy.d034644.partykit.dev/parties/main/77JQWY?_pk=b89f63d9-2183-4e4c-94f6-951e0225bf41' failed: Error in connection establishment: net::ERR_NAME_NOT_RESOLVED @ http://localhost:4174/_app/immutable/nodes/2.0jeQ3R1L.js:21
[  177595ms] [ERROR] WebSocket connection to 'wss://shopy.d034644.partykit.dev/parties/main/77JQWY?_pk=b89f63d9-2183-4e4c-94f6-951e0225bf41' failed: Error in connection establishment: net::ERR_NAME_NOT_RESOLVED @ http://localhost:4174/_app/immutable/nodes/2.0jeQ3R1L.js:21
[  187604ms] [ERROR] WebSocket connection to 'wss://shopy.d034644.partykit.dev/parties/main/77JQWY?_pk=b89f63d9-2183-4e4c-94f6-951e0225bf41' failed: Error in connection establishment: net::ERR_NAME_NOT_RESOLVED @ http://localhost:4174/_app/immutable/nodes/2.0jeQ3R1L.js:21
[  197615ms] [ERROR] WebSocket connection to 'wss://shopy.d034644.partykit.dev/parties/main/77JQWY?_pk=b89f63d9-2183-4e4c-94f6-951e0225bf41' failed: Error in connection establishment: net::ERR_NAME_NOT_RESOLVED @ http://localhost:4174/_app/immutable/nodes/2.0jeQ3R1L.js:21
[  207651ms] [ERROR] WebSocket connection to 'wss://shopy.d034644.partykit.dev/parties/main/77JQWY?_pk=b89f63d9-2183-4e4c-94f6-951e0225bf41' failed: Error in connection establishment: net::ERR_NAME_NOT_RESOLVED @ http://localhost:4174/_app/immutable/nodes/2.0jeQ3R1L.js:21
[  217735ms] [ERROR] WebSocket connection to 'wss://shopy.d034644.partykit.dev/parties/main/77JQWY?_pk=b89f63d9-2183-4e4c-94f6-951e0225bf41' failed: Error in connection establishment: net::ERR_NAME_NOT_RESOLVED @ http://localhost:4174/_app/immutable/nodes/2.0jeQ3R1L.js:21
[  227816ms] [ERROR] WebSocket connection to 'wss://shopy.d034644.partykit.dev/parties/main/77JQWY?_pk=b89f63d9-2183-4e4c-94f6-951e0225bf41' failed: Error in connection establishment: net::ERR_NAME_NOT_RESOLVED @ http://localhost:4174/_app/immutable/nodes/2.0jeQ3R1L.js:21
[  237964ms] [ERROR] WebSocket connection to 'wss://shopy.d034644.partykit.dev/parties/main/77JQWY?_pk=b89f63d9-2183-4e4c-94f6-951e0225bf41' failed: Error in connection establishment: net::ERR_NAME_NOT_RESOLVED @ http://localhost:4174/_app/immutable/nodes/2.0jeQ3R1L.js:21
[  247968ms] [ERROR] WebSocket connection to 'wss://shopy.d034644.partykit.dev/parties/main/77JQWY?_pk=b89f63d9-2183-4e4c-94f6-951e0225bf41' failed: Error in connection establishment: net::ERR_NAME_NOT_RESOLVED @ http://localhost:4174/_app/immutable/nodes/2.0jeQ3R1L.js:21
[  257973ms] [ERROR] WebSocket connection to 'wss://shopy.d034644.partykit.dev/parties/main/77JQWY?_pk=b89f63d9-2183-4e4c-94f6-951e0225bf41' failed: Error in connection establishment: net::ERR_NAME_NOT_RESOLVED @ http://localhost:4174/_app/immutable/nodes/2.0jeQ3R1L.js:21
[  267977ms] [ERROR] WebSocket connection to 'wss://shopy.d034644.partykit.dev/parties/main/77JQWY?_pk=b89f63d9-2183-4e4c-94f6-951e0225bf41' failed: Error in connection establishment: net::ERR_NAME_NOT_RESOLVED @ http://localhost:4174/_app/immutable/nodes/2.0jeQ3R1L.js:21
[  277982ms] [ERROR] WebSocket connection to 'wss://shopy.d034644.partykit.dev/parties/main/77JQWY?_pk=b89f63d9-2183-4e4c-94f6-951e0225bf41' failed: Error in connection establishment: net::ERR_NAME_NOT_RESOLVED @ http://localhost:4174/_app/immutable/nodes/2.0jeQ3R1L.js:21
